\BOOKMARK [1][-]{section.0.0.1}{\376\377\000O\000b\000j\000e\000c\000t\000i\000v\000o\000\040\000d\000o\000\040\000t\000r\000a\000b\000a\000l\000h\000o}{}% 1
\BOOKMARK [1][-]{section.0.0.2}{\376\377\000I\000n\000t\000r\000o\000d\000u\000\347\000\343\000o}{}% 2
\BOOKMARK [2][-]{subsection.0.0.2.1}{\376\377\000C\000a\000m\000p\000o\000\040\000e\000l\000e\000c\000t\000r\000o\000s\000t\000\341\000t\000i\000c\000o}{section.0.0.2}% 3
\BOOKMARK [2][-]{subsection.0.0.2.2}{\376\377\000P\000o\000t\000e\000n\000c\000i\000a\000l\000\040\000e\000l\000\351\000c\000t\000r\000i\000c\000o}{section.0.0.2}% 4
\BOOKMARK [2][-]{subsection.0.0.2.3}{\376\377\000C\000o\000n\000d\000u\000t\000o\000r\000e\000s\000\040\000e\000l\000\351\000c\000t\000r\000i\000c\000o\000s\000\040\000e\000\040\000d\000i\000e\000l\000\351\000c\000t\000r\000i\000c\000o\000s\000.\000\040\000C\000o\000n\000d\000e\000n\000s\000a\000d\000o\000r\000\040\000p\000l\000a\000n\000o}{section.0.0.2}% 5
\BOOKMARK [2][-]{subsection.0.0.2.4}{\376\377\000E\000f\000e\000i\000t\000o\000s\000\040\000d\000a\000\040\000c\000o\000r\000r\000e\000n\000t\000e\000\040\000e\000l\000\351\000c\000t\000r\000i\000c\000a\000\040\000e\000s\000t\000a\000c\000i\000o\000n\000\341\000r\000i\000a\000\040\000c\000r\000i\000a\000d\000a\000\040\000p\000o\000r\000\040\000u\000m\000a\000\040\000e\000s\000p\000i\000r\000a}{section.0.0.2}% 6
\BOOKMARK [2][-]{subsection.0.0.2.5}{\376\377\000F\000o\000r\000\347\000a\000\040\000d\000e\000\040\000L\000o\000r\000e\000n\000t\000z\000\040}{section.0.0.2}% 7
\BOOKMARK [1][-]{section.0.0.3}{\376\377\000F\000i\000g\000u\000r\000a\000s\000\040\000d\000o\000s\000\040\000a\000p\000a\000r\000e\000l\000h\000o\000s\000\040\000d\000a\000\040\000m\000o\000n\000t\000a\000g\000e\000m\000\040\000e\000x\000p\000e\000r\000i\000m\000e\000n\000t\000a\000l}{}% 8
\BOOKMARK [1][-]{section.0.0.4}{\376\377\000P\000r\000o\000c\000e\000d\000i\000m\000e\000n\000t\000o\000\040\000E\000x\000p\000e\000r\000i\000m\000e\000n\000t\000a\000l}{}% 9
\BOOKMARK [2][-]{subsection.0.0.4.1}{\376\377\000M\000a\000t\000e\000r\000i\000a\000l}{section.0.0.4}% 10
\BOOKMARK [2][-]{subsection.0.0.4.2}{\376\377\000D\000E\000T\000E\000R\000M\000I\000N\000A\000\307\000\303\000O\000\040\000D\000E\000\040\000q\000/\000m\000\040\000P\000O\000R\000\040\000D\000E\000F\000L\000E\000X\000\303\000O\000\040\000M\000A\000G\000N\000\311\000T\000I\000C\000A}{section.0.0.4}% 11
\BOOKMARK [2][-]{subsection.0.0.4.3}{\376\377\000D\000E\000T\000E\000R\000M\000I\000N\000A\000\307\000\303\000O\000\040\000D\000E\000\040\000q\000/\000m\000\040\000P\000O\000R\000\040\000D\000E\000F\000L\000E\000X\000\303\000O\000\040\000M\000A\000G\000N\000\311\000T\000I\000C\000A\000\040\000E\000\040\000E\000L\000\311\000C\000T\000R\000I\000C\000A\000\040\000Q\000U\000A\000S\000E\000\040\000C\000O\000M\000P\000E\000N\000S\000A\000D\000A\000\040}{section.0.0.4}% 12
\BOOKMARK [1][-]{section.0.0.5}{\376\377\000O\000B\000J\000E\000C\000T\000I\000V\000O\000\040\000D\000O\000\040\000T\000R\000A\000B\000A\000L\000H\000O}{}% 13
\BOOKMARK [1][-]{section.0.0.6}{\376\377\000I\000N\000T\000R\000O\000D\000U\000\307\000\303\000O\000\040\000T\000E\000\323\000R\000I\000C\000A}{}% 14
\BOOKMARK [2][-]{subsection.0.0.6.1}{\376\377\000C\000o\000r\000p\000o\000\040\000e\000s\000f\000\351\000r\000i\000c\000o\000\040\000e\000m\000\040\000q\000u\000e\000d\000a\000\040\000l\000i\000v\000r\000e\000\040\000n\000u\000m\000\040\000f\000l\000u\000i\000d\000o}{section.0.0.6}% 15
\BOOKMARK [2][-]{subsection.0.0.6.2}{\376\377\000E\000q\000u\000i\000l\000\355\000b\000r\000i\000o\000\040\000d\000u\000m\000\040\000c\000o\000r\000p\000o\000\040\000c\000a\000r\000r\000e\000g\000a\000d\000o\000,\000\040\000i\000m\000e\000r\000s\000o\000\040\000n\000u\000m\000\040\000f\000l\000u\000i\000d\000o\000,\000\040\000a\000t\000r\000a\000v\000\351\000s\000\040\000d\000e\000\040\000u\000m\000\040\000c\000a\000m\000p\000o\000\040\000e\000l\000\351\000t\000r\000i\000c\000o\000\040\000v\000e\000r\000t\000i\000c\000a\000l}{section.0.0.6}% 16
\BOOKMARK [2][-]{subsection.0.0.6.3}{\376\377\000C\000o\000r\000r\000e\000\347\000\365\000e\000s}{section.0.0.6}% 17
\BOOKMARK [1][-]{section.0.0.7}{\376\377\000F\000i\000g\000u\000r\000a\000s\000\040\000d\000o\000s\000\040\000a\000p\000a\000r\000e\000l\000h\000o\000s\000\040\000d\000a\000\040\000m\000o\000n\000t\000a\000g\000e\000m\000\040\000e\000x\000p\000e\000r\000i\000m\000e\000n\000t\000a\000l}{}% 18
\BOOKMARK [1][-]{section.0.0.8}{\376\377\000P\000r\000o\000c\000e\000d\000i\000m\000e\000n\000t\000o\000\040\000e\000x\000p\000e\000r\000i\000m\000e\000n\000t\000a\000l}{}% 19
\BOOKMARK [2][-]{subsection.0.0.8.1}{\376\377\000M\000a\000t\000e\000r\000i\000a\000l}{section.0.0.8}% 20
\BOOKMARK [2][-]{subsection.0.0.8.2}{\376\377\000T\000r\000a\000b\000a\000l\000h\000o\000\040\000p\000r\000e\000p\000a\000r\000a\000t\000\363\000r\000i\000o}{section.0.0.8}% 21
\BOOKMARK [2][-]{subsection.0.0.8.3}{\376\377\000D\000e\000t\000e\000r\000m\000i\000n\000a\000\347\000\343\000o\000\040\000d\000a\000\040\000t\000e\000n\000s\000\343\000o\000\040\000d\000e\000\040\000e\000q\000u\000i\000l\000\355\000b\000r\000i\000o}{section.0.0.8}% 22
\BOOKMARK [2][-]{subsection.0.0.8.4}{\376\377\000D\000e\000t\000e\000r\000m\000i\000n\000a\000\347\000\343\000o\000\040\000d\000a\000\040\000v\000e\000l\000o\000c\000i\000d\000a\000d\000e\000\040\000l\000i\000m\000i\000t\000e\000\040\000e\000\040\000d\000a\000\040\000c\000a\000r\000g\000a}{section.0.0.8}% 23
\BOOKMARK [2][-]{subsection.0.0.8.5}{\376\377\000A\000n\000\341\000l\000i\000s\000e\000,\000\040\000c\000o\000n\000c\000l\000u\000s\000\365\000e\000s\000\040\000e\000\040\000c\000o\000m\000e\000n\000t\000\341\000r\000i\000o\000s\000\040\000f\000i\000n\000a\000i\000s}{section.0.0.8}% 24
\BOOKMARK [1][-]{section.0.0.9}{\376\377\000O\000b\000j\000e\000c\000t\000i\000v\000o\000\040\000d\000o\000\040\000t\000r\000a\000b\000a\000l\000h\000o}{}% 25
\BOOKMARK [1][-]{section.0.0.10}{\376\377\000I\000n\000t\000r\000o\000d\000u\000\347\000\343\000o}{}% 26
\BOOKMARK [1][-]{section.0.0.11}{\376\377\000B\000a\000s\000e\000\040\000d\000o\000\040\000m\000\351\000t\000o\000d\000o}{}% 27
\BOOKMARK [2][-]{subsection.0.0.11.1}{\376\377\000V\000e\000l\000o\000c\000i\000d\000a\000d\000e\000\040\000d\000a\000\040\000l\000u\000z\000\040\000n\000o\000\040\000a\000r}{section.0.0.11}% 28
\BOOKMARK [2][-]{subsection.0.0.11.2}{\376\377\000V\000e\000l\000o\000c\000i\000d\000a\000d\000e\000\040\000d\000a\000\040\000l\000u\000z\000\040\000e\000m\000\040\000m\000e\000i\000o\000s\000\040\000s\000\363\000l\000i\000d\000o\000s\000\040\000e\000\040\000l\000\355\000q\000u\000i\000d\000o\000s}{section.0.0.11}% 29
\BOOKMARK [1][-]{section.0.0.12}{\376\377\000P\000r\000o\000c\000e\000d\000i\000m\000e\000n\000t\000o\000\040\000e\000x\000p\000e\000r\000i\000m\000e\000n\000t\000a\000l}{}% 30
\BOOKMARK [2][-]{subsection.0.0.12.1}{\376\377\000M\000a\000t\000e\000r\000i\000a\000l}{section.0.0.12}% 31
\BOOKMARK [2][-]{subsection.0.0.12.2}{\376\377\000T\000r\000a\000b\000a\000l\000h\000o\000\040\000p\000r\000e\000p\000a\000r\000a\000t\000\363\000r\000i\000o}{section.0.0.12}% 32
\BOOKMARK [2][-]{subsection.0.0.12.3}{\376\377\000R\000e\000g\000u\000l\000a\000\347\000\343\000o\000\040\000d\000a\000\040\000m\000o\000n\000t\000a\000g\000e\000m}{section.0.0.12}% 33
\BOOKMARK [2][-]{subsection.0.0.12.4}{\376\377\000M\000e\000d\000i\000\347\000\343\000o\000\040\000d\000a\000\040\000v\000e\000l\000o\000c\000i\000d\000a\000d\000e\000\040\000d\000e\000\040\000p\000r\000o\000p\000a\000g\000a\000\347\000\343\000o\000\040\000d\000a\000\040\000l\000u\000z\000\040\000n\000o\000\040\000a\000r}{section.0.0.12}% 34
\BOOKMARK [2][-]{subsection.0.0.12.5}{\376\377\000M\000e\000d\000i\000\347\000\343\000o\000\040\000d\000a\000\040\000v\000e\000l\000o\000c\000i\000d\000a\000d\000e\000\040\000d\000e\000\040\000p\000r\000o\000p\000a\000g\000a\000\347\000\343\000o\000\040\000d\000a\000\040\000l\000u\000z\000\040\000n\000o\000\040\000v\000i\000d\000r\000o\000\040\000a\000c\000r\000\355\000l\000i\000c\000o}{section.0.0.12}% 35
\BOOKMARK [2][-]{subsection.0.0.12.6}{\376\377\000M\000e\000d\000i\000\347\000\343\000o\000\040\000d\000a\000\040\000v\000e\000l\000o\000c\000i\000d\000a\000d\000e\000\040\000d\000e\000\040\000p\000r\000o\000p\000a\000g\000a\000\347\000\343\000o\000\040\000d\000a\000\040\000l\000u\000z\000\040\000n\000a\000\040\000\341\000g\000u\000a}{section.0.0.12}% 36
\BOOKMARK [2][-]{subsection.0.0.12.7}{\376\377\000A\000n\000\341\000l\000i\000s\000e\000,\000\040\000c\000o\000n\000c\000l\000u\000s\000\365\000e\000s\000\040\000e\000\040\000c\000o\000m\000e\000n\000t\000\341\000r\000i\000o\000s\000\040\000f\000i\000n\000a\000i\000s}{section.0.0.12}% 37
\BOOKMARK [-1][-]{part.1}{\376\377\000\323\000p\000t\000i\000c\000a\000\040\000G\000e\000o\000m\000\351\000t\000r\000i\000c\000a}{}% 38
\BOOKMARK [0][-]{section.1.0.1}{\376\377\000\040\000O\000b\000j\000e\000c\000t\000i\000v\000o\000s\000\040\000d\000o\000\040\000t\000r\000a\000b\000a\000l\000h\000o}{part.1}% 39
\BOOKMARK [1][-]{section.1.0.2}{\376\377\000I\000n\000t\000r\000o\000d\000u\000\347\000\343\000o}{section.1.0.1}% 40
\BOOKMARK [2][-]{subsection.1.0.2.1}{\376\377\000T\000r\000a\000\347\000a\000d\000o\000\040\000d\000e\000\040\000r\000a\000i\000o\000s}{section.1.0.2}% 41
\BOOKMARK [2][-]{subsection.1.0.2.2}{\376\377\000R\000e\000f\000l\000e\000x\000\343\000o\000,\000\040\000r\000e\000f\000r\000a\000c\000\347\000\343\000o\000\040\000e\000\040\000p\000o\000l\000a\000r\000i\000z\000a\000\347\000\343\000o}{section.1.0.2}% 42
\BOOKMARK [1][-]{section.1.0.3}{\376\377\000C\000o\000n\000s\000t\000r\000u\000\347\000\365\000e\000s\000\040\000g\000e\000o\000m\000\351\000t\000r\000i\000c\000a\000s\000\040\000e\000m\000\040\000l\000e\000n\000t\000e\000s\000\040\000d\000e\000l\000g\000a\000d\000a\000s}{section.1.0.1}% 43
\BOOKMARK [2][-]{subsection.1.0.3.1}{\376\377\000A\000p\000r\000o\000x\000i\000m\000a\000\347\000\365\000e\000s}{section.1.0.3}% 44
\BOOKMARK [2][-]{subsection.1.0.3.2}{\376\377\000C\000o\000n\000v\000e\000n\000\347\000\365\000e\000s}{section.1.0.3}% 45
\BOOKMARK [2][-]{subsection.1.0.3.3}{\376\377\000O\000b\000j\000e\000c\000t\000o\000\040\000e\000\040\000i\000m\000a\000g\000e\000m\000\040\000-\000\040\000f\000o\000c\000o\000s\000\040\000c\000o\000n\000j\000u\000g\000a\000d\000o\000s\000\040\000e\000\040\000a\000m\000p\000l\000i\000a\000\347\000\343\000o\000\040\000t\000r\000a\000n\000s\000v\000e\000r\000s\000a\000l}{section.1.0.3}% 46
\BOOKMARK [2][-]{subsection.1.0.3.4}{\376\377\000O\000b\000j\000e\000c\000t\000o\000s\000\040\000v\000i\000r\000t\000u\000a\000i\000s}{section.1.0.3}% 47
\BOOKMARK [1][-]{section.1.0.4}{\376\377\000A\000s\000s\000o\000c\000i\000a\000\347\000\343\000o\000\040\000d\000e\000\040\000l\000e\000n\000t\000e\000s\000\040\000d\000e\000l\000g\000a\000d\000a\000s}{section.1.0.1}% 48
\BOOKMARK [2][-]{subsection.1.0.4.1}{\376\377\000L\000e\000n\000t\000e\000\040\000c\000o\000n\000v\000e\000r\000g\000e\000n\000t\000e\000\040\000-\000\040\000l\000e\000n\000t\000e\000\040\000c\000o\000n\000v\000e\000r\000g\000e\000n\000t\000e}{section.1.0.4}% 49
\BOOKMARK [2][-]{subsection.1.0.4.2}{\376\377\000L\000e\000n\000t\000e\000\040\000c\000o\000n\000v\000e\000r\000g\000e\000n\000t\000e\000\040\000-\000\040\000l\000e\000n\000t\000e\000\040\000d\000i\000v\000e\000r\000g\000e\000n\000t\000e}{section.1.0.4}% 50
\BOOKMARK [1][-]{section.1.0.5}{\376\377\000I\000n\000s\000t\000r\000u\000m\000e\000n\000t\000o\000s\000\040\000\363\000p\000t\000i\000c\000o\000s}{section.1.0.1}% 51
\BOOKMARK [2][-]{subsection.1.0.5.1}{\376\377\000O\000\040\000o\000l\000h\000o\000\040\000h\000u\000m\000a\000n\000o}{section.1.0.5}% 52
\BOOKMARK [2][-]{subsection.1.0.5.2}{\376\377\000L\000u\000p\000a}{section.1.0.5}% 53
\BOOKMARK [2][-]{subsection.1.0.5.3}{\376\377\000M\000i\000c\000r\000o\000s\000c\000\363\000p\000i\000o\000\040\000c\000o\000m\000p\000o\000s\000t\000o}{section.1.0.5}% 54
\BOOKMARK [1][-]{section.1.0.6}{\376\377\000P\000r\000o\000c\000e\000d\000i\000m\000e\000n\000t\000o\000\040\000e\000x\000p\000e\000r\000i\000m\000e\000n\000t\000a\000l}{section.1.0.1}% 55
\BOOKMARK [2][-]{subsection.1.0.6.1}{\376\377\000D\000e\000t\000e\000r\000m\000i\000n\000a\000\347\000\343\000o\000\040\000d\000o\000\040\000\355\000n\000d\000i\000c\000e\000\040\000d\000e\000\040\000r\000e\000f\000r\000a\000c\000\347\000\343\000o\000\040\000d\000u\000m\000\040\000v\000i\000d\000r\000o\000\040\000a\000c\000r\000\355\000l\000i\000c\000o\000\040}{section.1.0.6}% 56
\BOOKMARK [2][-]{subsection.1.0.6.2}{\376\377\000P\000o\000l\000a\000r\000i\000z\000a\000\347\000\343\000o\000\040\000d\000a\000\040\000l\000u\000z\000.\000\040\000\302\000n\000g\000u\000l\000o\000\040\000d\000e\000\040\000B\000r\000e\000w\000s\000t\000e\000r}{section.1.0.6}% 57
\BOOKMARK [2][-]{subsection.1.0.6.3}{\376\377\000D\000i\000s\000t\000\342\000n\000c\000i\000a\000\040\000f\000o\000c\000a\000l\000\040\000d\000e\000\040\000u\000m\000a\000\040\000l\000e\000n\000t\000e\000\040\000c\000o\000n\000v\000e\000r\000g\000e\000n\000t\000e\000\040\000\050\000\040\000f\000\040\000\040\0007\0005\000\040\000m\000m\000\051\000\040}{section.1.0.6}% 58
\BOOKMARK [2][-]{subsection.1.0.6.4}{\376\377\000D\000i\000s\000t\000\342\000n\000c\000i\000a\000\040\000f\000o\000c\000a\000l\000\040\000d\000e\000\040\000u\000m\000a\000\040\000l\000e\000n\000t\000e\000\040\000d\000i\000v\000e\000r\000g\000e\000n\000t\000e\000\040\000\050\000\040\000f\000\040\000\040\040\023\0001\0005\0000\000\040\000m\000m\000\051\000\040}{section.1.0.6}% 59
\BOOKMARK [2][-]{subsection.1.0.6.5}{\376\377\000M\000i\000c\000r\000o\000s\000c\000\363\000p\000i\000o\000\040\000c\000o\000m\000p\000o\000s\000t\000o}{section.1.0.6}% 60
\BOOKMARK [1][-]{section.1.0.7}{\376\377\000O\000b\000j\000e\000c\000t\000i\000v\000o\000s\000\040\000d\000o\000\040\000t\000r\000a\000b\000a\000l\000h\000o}{section.1.0.1}% 61
\BOOKMARK [1][-]{section.1.0.8}{\376\377\000D\000e\000s\000v\000i\000o\000\040\000d\000a\000\040\000l\000u\000z\000\040\000p\000o\000r\000\040\000u\000m\000\040\000p\000r\000i\000s\000m\000a}{section.1.0.1}% 62
\BOOKMARK [1][-]{section.1.0.9}{\376\377\000R\000e\000d\000e\000\040\000d\000e\000\040\000d\000i\000f\000r\000a\000c\000\347\000\343\000o}{section.1.0.1}% 63
\BOOKMARK [1][-]{section.1.0.10}{\376\377\000G\000o\000n\000i\000\363\000m\000e\000t\000r\000o\000\040\000d\000e\000\040\000B\000a\000b\000i\000n\000e\000t}{section.1.0.1}% 64
\BOOKMARK [2][-]{subsection.1.0.10.1}{\376\377\000L\000e\000i\000t\000u\000r\000a\000\040\000d\000e\000\040\000v\000a\000l\000o\000r\000e\000s\000\040\000n\000o\000\040\000g\000o\000n\000i\000\363\000m\000e\000t\000r\000o}{section.1.0.10}% 65
\BOOKMARK [1][-]{section.1.0.11}{\376\377\000E\000f\000e\000i\000t\000o\000\040\000f\000o\000t\000o\000e\000l\000\351\000c\000t\000r\000i\000c\000o}{section.1.0.1}% 66
\BOOKMARK [2][-]{subsection.1.0.11.1}{\376\377\000F\000i\000g\000u\000r\000a\000s\000\040\000d\000o\000s\000\040\000a\000p\000a\000r\000e\000l\000h\000o\000s\000\040\000d\000a\000\040\000m\000o\000n\000t\000a\000g\000e\000m\000\040\000e\000x\000p\000e\000r\000i\000m\000e\000n\000t\000a\000l}{section.1.0.11}% 67
\BOOKMARK [1][-]{section.1.0.12}{\376\377\000P\000r\000o\000c\000e\000d\000i\000m\000e\000n\000t\000o\000\040\000e\000x\000p\000e\000r\000i\000m\000e\000n\000t\000a\000l}{section.1.0.1}% 68
\BOOKMARK [2][-]{subsection.1.0.12.1}{\376\377\000T\000r\000a\000b\000a\000l\000h\000o\000\040\000p\000r\000e\000p\000a\000r\000a\000t\000\363\000r\000i\000o}{section.1.0.12}% 69
\BOOKMARK [2][-]{subsection.1.0.12.2}{\376\377\000G\000o\000n\000i\000\363\000m\000e\000t\000r\000o}{section.1.0.12}% 70
\BOOKMARK [2][-]{subsection.1.0.12.3}{\376\377\000E\000f\000e\000i\000t\000o\000\040\000f\000o\000t\000o\000e\000l\000\351\000c\000t\000r\000i\000c\000o}{section.1.0.12}% 71
